2025-03-06 14:34:11,785 - crab_ai - INFO - CRAB.AI Backend Application Starting...
2025-03-06 14:34:15,722 - crab_ai - INFO - Signup attempt for username: student1
2025-03-06 14:34:15,727 - crab_ai - ERROR - Unexpected error during signup: Mapper 'Mapper[Paper(papers)]' has no property 'owner'.  If this property was indicated from other mappers or configure events, ensure registry.configure() has been called.
Traceback (most recent call last):
  File "/opt/anaconda3/envs/crab/lib/python3.10/site-packages/sqlalchemy/orm/mapper.py", line 2522, in get_property
    return self._props[key]
KeyError: 'owner'

The above exception was the direct cause of the following exception:

Traceback (most recent call last):
  File "/Users/vivenkap/Desktop/CRAB.ai/crab_ai_backend/routes/user.py", line 62, in signup
    existing_user = db.query(User).filter(User.username == user.username).first()
  File "/opt/anaconda3/envs/crab/lib/python3.10/site-packages/sqlalchemy/orm/session.py", line 2955, in query
    return self._query_cls(entities, self, **kwargs)
  File "/opt/anaconda3/envs/crab/lib/python3.10/site-packages/sqlalchemy/orm/query.py", line 275, in __init__
    self._set_entities(entities)
  File "/opt/anaconda3/envs/crab/lib/python3.10/site-packages/sqlalchemy/orm/query.py", line 287, in _set_entities
    self._raw_columns = [
  File "/opt/anaconda3/envs/crab/lib/python3.10/site-packages/sqlalchemy/orm/query.py", line 288, in <listcomp>
    coercions.expect(
  File "/opt/anaconda3/envs/crab/lib/python3.10/site-packages/sqlalchemy/sql/coercions.py", line 388, in expect
    insp._post_inspect
  File "/opt/anaconda3/envs/crab/lib/python3.10/site-packages/sqlalchemy/util/langhelpers.py", line 1257, in __get__
    obj.__dict__[self.__name__] = result = self.fget(obj)
  File "/opt/anaconda3/envs/crab/lib/python3.10/site-packages/sqlalchemy/orm/mapper.py", line 2724, in _post_inspect
    self._check_configure()
  File "/opt/anaconda3/envs/crab/lib/python3.10/site-packages/sqlalchemy/orm/mapper.py", line 2401, in _check_configure
    _configure_registries({self.registry}, cascade=True)
  File "/opt/anaconda3/envs/crab/lib/python3.10/site-packages/sqlalchemy/orm/mapper.py", line 4213, in _configure_registries
    _do_configure_registries(registries, cascade)
  File "/opt/anaconda3/envs/crab/lib/python3.10/site-packages/sqlalchemy/orm/mapper.py", line 4254, in _do_configure_registries
    mapper._post_configure_properties()
  File "/opt/anaconda3/envs/crab/lib/python3.10/site-packages/sqlalchemy/orm/mapper.py", line 2418, in _post_configure_properties
    prop.init()
  File "/opt/anaconda3/envs/crab/lib/python3.10/site-packages/sqlalchemy/orm/interfaces.py", line 589, in init
    self.do_init()
  File "/opt/anaconda3/envs/crab/lib/python3.10/site-packages/sqlalchemy/orm/relationships.py", line 1661, in do_init
    self._generate_backref()
  File "/opt/anaconda3/envs/crab/lib/python3.10/site-packages/sqlalchemy/orm/relationships.py", line 2147, in _generate_backref
    self._add_reverse_property(self.back_populates)
  File "/opt/anaconda3/envs/crab/lib/python3.10/site-packages/sqlalchemy/orm/relationships.py", line 1592, in _add_reverse_property
    other = self.mapper.get_property(key, _configure_mappers=False)
  File "/opt/anaconda3/envs/crab/lib/python3.10/site-packages/sqlalchemy/orm/mapper.py", line 2524, in get_property
    raise sa_exc.InvalidRequestError(
sqlalchemy.exc.InvalidRequestError: Mapper 'Mapper[Paper(papers)]' has no property 'owner'.  If this property was indicated from other mappers or configure events, ensure registry.configure() has been called.
2025-03-06 14:34:17,739 - crab_ai - INFO - Signup attempt for username: student1
2025-03-06 14:34:17,740 - crab_ai - ERROR - Unexpected error during signup: One or more mappers failed to initialize - can't proceed with initialization of other mappers. Triggering mapper: 'Mapper[User(users)]'. Original exception was: Mapper 'Mapper[Paper(papers)]' has no property 'owner'.  If this property was indicated from other mappers or configure events, ensure registry.configure() has been called.
Traceback (most recent call last):
  File "/Users/vivenkap/Desktop/CRAB.ai/crab_ai_backend/routes/user.py", line 62, in signup
    existing_user = db.query(User).filter(User.username == user.username).first()
  File "/opt/anaconda3/envs/crab/lib/python3.10/site-packages/sqlalchemy/orm/session.py", line 2955, in query
    return self._query_cls(entities, self, **kwargs)
  File "/opt/anaconda3/envs/crab/lib/python3.10/site-packages/sqlalchemy/orm/query.py", line 275, in __init__
    self._set_entities(entities)
  File "/opt/anaconda3/envs/crab/lib/python3.10/site-packages/sqlalchemy/orm/query.py", line 287, in _set_entities
    self._raw_columns = [
  File "/opt/anaconda3/envs/crab/lib/python3.10/site-packages/sqlalchemy/orm/query.py", line 288, in <listcomp>
    coercions.expect(
  File "/opt/anaconda3/envs/crab/lib/python3.10/site-packages/sqlalchemy/sql/coercions.py", line 388, in expect
    insp._post_inspect
  File "/opt/anaconda3/envs/crab/lib/python3.10/site-packages/sqlalchemy/util/langhelpers.py", line 1257, in __get__
    obj.__dict__[self.__name__] = result = self.fget(obj)
  File "/opt/anaconda3/envs/crab/lib/python3.10/site-packages/sqlalchemy/orm/mapper.py", line 2724, in _post_inspect
    self._check_configure()
  File "/opt/anaconda3/envs/crab/lib/python3.10/site-packages/sqlalchemy/orm/mapper.py", line 2401, in _check_configure
    _configure_registries({self.registry}, cascade=True)
  File "/opt/anaconda3/envs/crab/lib/python3.10/site-packages/sqlalchemy/orm/mapper.py", line 4213, in _configure_registries
    _do_configure_registries(registries, cascade)
  File "/opt/anaconda3/envs/crab/lib/python3.10/site-packages/sqlalchemy/orm/mapper.py", line 4250, in _do_configure_registries
    raise e
sqlalchemy.exc.InvalidRequestError: One or more mappers failed to initialize - can't proceed with initialization of other mappers. Triggering mapper: 'Mapper[User(users)]'. Original exception was: Mapper 'Mapper[Paper(papers)]' has no property 'owner'.  If this property was indicated from other mappers or configure events, ensure registry.configure() has been called.
2025-03-06 14:35:49,589 - crab_ai - INFO - CRAB.AI Backend Application Starting...
2025-03-06 14:35:50,633 - crab_ai - INFO - CRAB.AI Backend Application Starting...
2025-03-06 14:38:35,726 - crab_ai - INFO - CRAB.AI Backend Application Starting...
2025-03-06 14:38:58,550 - crab_ai - INFO - CRAB.AI Backend Application Starting...
2025-03-06 14:39:28,020 - crab_ai - INFO - Signup attempt for username: student1
2025-03-06 14:39:28,023 - crab_ai - ERROR - Unexpected error during signup: Could not determine join condition between parent/child tables on relationship User.papers - there are multiple foreign key paths linking the tables.  Specify the 'foreign_keys' argument, providing a list of those columns which should be counted as containing a foreign key reference to the parent table.
Traceback (most recent call last):
  File "/opt/anaconda3/envs/crab/lib/python3.10/site-packages/sqlalchemy/orm/relationships.py", line 2437, in _determine_joins
    self.primaryjoin = join_condition(
  File "/opt/anaconda3/envs/crab/lib/python3.10/site-packages/sqlalchemy/sql/util.py", line 123, in join_condition
    return Join._join_condition(
  File "/opt/anaconda3/envs/crab/lib/python3.10/site-packages/sqlalchemy/sql/selectable.py", line 1430, in _join_condition
    cls._joincond_trim_constraints(
  File "/opt/anaconda3/envs/crab/lib/python3.10/site-packages/sqlalchemy/sql/selectable.py", line 1575, in _joincond_trim_constraints
    raise exc.AmbiguousForeignKeysError(
sqlalchemy.exc.AmbiguousForeignKeysError: Can't determine join between 'users' and 'papers'; tables have more than one foreign key constraint relationship between them. Please specify the 'onclause' of this join explicitly.

The above exception was the direct cause of the following exception:

Traceback (most recent call last):
  File "/Users/vivenkap/Desktop/CRAB.ai/crab_ai_backend/routes/user.py", line 62, in signup
    existing_user = db.query(User).filter(User.username == user.username).first()
  File "/opt/anaconda3/envs/crab/lib/python3.10/site-packages/sqlalchemy/orm/session.py", line 2955, in query
    return self._query_cls(entities, self, **kwargs)
  File "/opt/anaconda3/envs/crab/lib/python3.10/site-packages/sqlalchemy/orm/query.py", line 275, in __init__
    self._set_entities(entities)
  File "/opt/anaconda3/envs/crab/lib/python3.10/site-packages/sqlalchemy/orm/query.py", line 287, in _set_entities
    self._raw_columns = [
  File "/opt/anaconda3/envs/crab/lib/python3.10/site-packages/sqlalchemy/orm/query.py", line 288, in <listcomp>
    coercions.expect(
  File "/opt/anaconda3/envs/crab/lib/python3.10/site-packages/sqlalchemy/sql/coercions.py", line 388, in expect
    insp._post_inspect
  File "/opt/anaconda3/envs/crab/lib/python3.10/site-packages/sqlalchemy/util/langhelpers.py", line 1257, in __get__
    obj.__dict__[self.__name__] = result = self.fget(obj)
  File "/opt/anaconda3/envs/crab/lib/python3.10/site-packages/sqlalchemy/orm/mapper.py", line 2724, in _post_inspect
    self._check_configure()
  File "/opt/anaconda3/envs/crab/lib/python3.10/site-packages/sqlalchemy/orm/mapper.py", line 2401, in _check_configure
    _configure_registries({self.registry}, cascade=True)
  File "/opt/anaconda3/envs/crab/lib/python3.10/site-packages/sqlalchemy/orm/mapper.py", line 4213, in _configure_registries
    _do_configure_registries(registries, cascade)
  File "/opt/anaconda3/envs/crab/lib/python3.10/site-packages/sqlalchemy/orm/mapper.py", line 4254, in _do_configure_registries
    mapper._post_configure_properties()
  File "/opt/anaconda3/envs/crab/lib/python3.10/site-packages/sqlalchemy/orm/mapper.py", line 2418, in _post_configure_properties
    prop.init()
  File "/opt/anaconda3/envs/crab/lib/python3.10/site-packages/sqlalchemy/orm/interfaces.py", line 589, in init
    self.do_init()
  File "/opt/anaconda3/envs/crab/lib/python3.10/site-packages/sqlalchemy/orm/relationships.py", line 1658, in do_init
    self._setup_join_conditions()
  File "/opt/anaconda3/envs/crab/lib/python3.10/site-packages/sqlalchemy/orm/relationships.py", line 1898, in _setup_join_conditions
    self._join_condition = jc = JoinCondition(
  File "/opt/anaconda3/envs/crab/lib/python3.10/site-packages/sqlalchemy/orm/relationships.py", line 2324, in __init__
    self._determine_joins()
  File "/opt/anaconda3/envs/crab/lib/python3.10/site-packages/sqlalchemy/orm/relationships.py", line 2481, in _determine_joins
    raise sa_exc.AmbiguousForeignKeysError(
sqlalchemy.exc.AmbiguousForeignKeysError: Could not determine join condition between parent/child tables on relationship User.papers - there are multiple foreign key paths linking the tables.  Specify the 'foreign_keys' argument, providing a list of those columns which should be counted as containing a foreign key reference to the parent table.
2025-03-06 14:41:36,829 - crab_ai - INFO - CRAB.AI Backend Application Starting...
2025-03-06 14:41:40,925 - crab_ai - INFO - CRAB.AI Backend Application Starting...
2025-03-06 14:41:41,602 - crab_ai - INFO - CRAB.AI Backend Application Starting...
2025-03-06 14:41:42,268 - crab_ai - INFO - CRAB.AI Backend Application Starting...
2025-03-06 14:42:26,672 - crab_ai - INFO - CRAB.AI Backend Application Starting...
2025-03-06 14:42:27,520 - crab_ai - INFO - CRAB.AI Backend Application Starting...
2025-03-06 14:53:46,753 - crab_ai - INFO - Signup attempt for username: student1
2025-03-06 14:53:46,764 - crab_ai - ERROR - Unexpected error during signup: Could not determine join condition between parent/child tables on relationship Paper.owner - there are multiple foreign key paths linking the tables.  Specify the 'foreign_keys' argument, providing a list of those columns which should be counted as containing a foreign key reference to the parent table.
Traceback (most recent call last):
  File "/opt/anaconda3/envs/crab/lib/python3.10/site-packages/sqlalchemy/orm/relationships.py", line 2437, in _determine_joins
    self.primaryjoin = join_condition(
  File "/opt/anaconda3/envs/crab/lib/python3.10/site-packages/sqlalchemy/sql/util.py", line 123, in join_condition
    return Join._join_condition(
  File "/opt/anaconda3/envs/crab/lib/python3.10/site-packages/sqlalchemy/sql/selectable.py", line 1430, in _join_condition
    cls._joincond_trim_constraints(
  File "/opt/anaconda3/envs/crab/lib/python3.10/site-packages/sqlalchemy/sql/selectable.py", line 1575, in _joincond_trim_constraints
    raise exc.AmbiguousForeignKeysError(
sqlalchemy.exc.AmbiguousForeignKeysError: Can't determine join between 'papers' and 'users'; tables have more than one foreign key constraint relationship between them. Please specify the 'onclause' of this join explicitly.

The above exception was the direct cause of the following exception:

Traceback (most recent call last):
  File "/Users/vivenkap/Desktop/CRAB.ai/crab_ai_backend/routes/user.py", line 62, in signup
    existing_user = db.query(User).filter(User.username == user.username).first()
  File "/opt/anaconda3/envs/crab/lib/python3.10/site-packages/sqlalchemy/orm/session.py", line 2955, in query
    return self._query_cls(entities, self, **kwargs)
  File "/opt/anaconda3/envs/crab/lib/python3.10/site-packages/sqlalchemy/orm/query.py", line 275, in __init__
    self._set_entities(entities)
  File "/opt/anaconda3/envs/crab/lib/python3.10/site-packages/sqlalchemy/orm/query.py", line 287, in _set_entities
    self._raw_columns = [
  File "/opt/anaconda3/envs/crab/lib/python3.10/site-packages/sqlalchemy/orm/query.py", line 288, in <listcomp>
    coercions.expect(
  File "/opt/anaconda3/envs/crab/lib/python3.10/site-packages/sqlalchemy/sql/coercions.py", line 388, in expect
    insp._post_inspect
  File "/opt/anaconda3/envs/crab/lib/python3.10/site-packages/sqlalchemy/util/langhelpers.py", line 1257, in __get__
    obj.__dict__[self.__name__] = result = self.fget(obj)
  File "/opt/anaconda3/envs/crab/lib/python3.10/site-packages/sqlalchemy/orm/mapper.py", line 2724, in _post_inspect
    self._check_configure()
  File "/opt/anaconda3/envs/crab/lib/python3.10/site-packages/sqlalchemy/orm/mapper.py", line 2401, in _check_configure
    _configure_registries({self.registry}, cascade=True)
  File "/opt/anaconda3/envs/crab/lib/python3.10/site-packages/sqlalchemy/orm/mapper.py", line 4213, in _configure_registries
    _do_configure_registries(registries, cascade)
  File "/opt/anaconda3/envs/crab/lib/python3.10/site-packages/sqlalchemy/orm/mapper.py", line 4254, in _do_configure_registries
    mapper._post_configure_properties()
  File "/opt/anaconda3/envs/crab/lib/python3.10/site-packages/sqlalchemy/orm/mapper.py", line 2418, in _post_configure_properties
    prop.init()
  File "/opt/anaconda3/envs/crab/lib/python3.10/site-packages/sqlalchemy/orm/interfaces.py", line 589, in init
    self.do_init()
  File "/opt/anaconda3/envs/crab/lib/python3.10/site-packages/sqlalchemy/orm/relationships.py", line 1658, in do_init
    self._setup_join_conditions()
  File "/opt/anaconda3/envs/crab/lib/python3.10/site-packages/sqlalchemy/orm/relationships.py", line 1898, in _setup_join_conditions
    self._join_condition = jc = JoinCondition(
  File "/opt/anaconda3/envs/crab/lib/python3.10/site-packages/sqlalchemy/orm/relationships.py", line 2324, in __init__
    self._determine_joins()
  File "/opt/anaconda3/envs/crab/lib/python3.10/site-packages/sqlalchemy/orm/relationships.py", line 2481, in _determine_joins
    raise sa_exc.AmbiguousForeignKeysError(
sqlalchemy.exc.AmbiguousForeignKeysError: Could not determine join condition between parent/child tables on relationship Paper.owner - there are multiple foreign key paths linking the tables.  Specify the 'foreign_keys' argument, providing a list of those columns which should be counted as containing a foreign key reference to the parent table.
2025-03-06 14:54:10,154 - crab_ai - INFO - CRAB.AI Backend Application Starting...
2025-03-06 14:54:38,207 - crab_ai - INFO - CRAB.AI Backend Application Starting...
2025-03-06 15:01:25,917 - crab_ai - INFO - Signup attempt for username: student1
2025-03-06 15:01:26,184 - crab_ai - INFO - User student1 created successfully
2025-03-06 15:01:37,536 - crab_ai - INFO - Login attempt for username: student1
2025-03-06 15:01:37,802 - crab_ai - INFO - Successful login for username: student1
2025-03-06 15:05:22,961 - crab_ai - INFO - Login attempt for username: student1
2025-03-06 15:05:23,234 - crab_ai - INFO - Successful login for username: student1
2025-03-06 15:11:55,108 - crab_ai - INFO - CRAB.AI Backend Application Starting...
2025-03-06 15:11:56,655 - crab_ai - INFO - CRAB.AI Backend Application Starting...
2025-03-06 15:11:58,612 - crab_ai - INFO - CRAB.AI Backend Application Starting...
2025-03-06 15:16:42,707 - crab_ai - INFO - CRAB.AI Backend Application Starting...
2025-03-06 15:32:47,302 - crab_ai - INFO - Login attempt for username: student1
2025-03-06 15:32:47,561 - crab_ai - INFO - Successful login for username: student1
2025-03-06 15:42:47,352 - crab_ai - INFO - Login attempt for username: student1
2025-03-06 15:42:47,614 - crab_ai - INFO - Successful login for username: student1
2025-03-06 15:43:17,884 - crab_ai - INFO - Signup attempt for username: reviewer1
2025-03-06 15:43:18,166 - crab_ai - INFO - User reviewer1 created successfully
2025-03-06 15:43:30,676 - crab_ai - INFO - Login attempt for username: reviewer1
2025-03-06 15:43:30,957 - crab_ai - INFO - Successful login for username: reviewer1
2025-03-06 15:49:33,753 - crab_ai - INFO - CRAB.AI Backend Application Starting...
2025-03-06 15:50:07,979 - crab_ai - INFO - CRAB.AI Backend Application Starting...
